2019/11/11 14:03:04 INFO  - jmeter.util.JMeterUtils: Setting Locale to en_US 
2019/11/11 14:03:04 INFO  - jmeter.JMeter: Loading user properties from: /usr/share/jmeter/bin/user.properties 
2019/11/11 14:03:04 INFO  - jmeter.JMeter: Loading system properties from: /usr/share/jmeter/bin/system.properties 
2019/11/11 14:03:05 INFO  - jmeter.JMeter: Copyright (c) 1998-2015 The Apache Software Foundation 
2019/11/11 14:03:05 INFO  - jmeter.JMeter: Version 2.13.20170723 
2019/11/11 14:03:05 INFO  - jmeter.JMeter: java.version=11.0.4 
2019/11/11 14:03:05 INFO  - jmeter.JMeter: java.vm.name=OpenJDK 64-Bit Server VM 
2019/11/11 14:03:05 INFO  - jmeter.JMeter: os.name=Linux 
2019/11/11 14:03:05 INFO  - jmeter.JMeter: os.arch=amd64 
2019/11/11 14:03:05 INFO  - jmeter.JMeter: os.version=4.15.0-66-generic 
2019/11/11 14:03:05 INFO  - jmeter.JMeter: file.encoding=UTF-8 
2019/11/11 14:03:05 INFO  - jmeter.JMeter: Default Locale=English (United States) 
2019/11/11 14:03:05 INFO  - jmeter.JMeter: JMeter  Locale=English (United States) 
2019/11/11 14:03:05 INFO  - jmeter.JMeter: JMeterHome=/usr/share/jmeter 
2019/11/11 14:03:05 INFO  - jmeter.JMeter: user.dir  =/home/tsimwi/Semestre_5/AIT/Labo/Teaching-HEIGVD-AIT-2019-Labo-Load-Balancing 
2019/11/11 14:03:05 INFO  - jmeter.JMeter: PWD       =/home/tsimwi/Semestre_5/AIT/Labo/Teaching-HEIGVD-AIT-2019-Labo-Load-Balancing 
2019/11/11 14:03:05 INFO  - jmeter.JMeter: IP: 127.0.1.1 Name: ThinkPadX1 FullName: ThinkPadX1 
2019/11/11 14:03:05 INFO  - jmeter.gui.action.LookAndFeelCommand: Using look and feel: javax.swing.plaf.metal.MetalLookAndFeel [Metal, CrossPlatform] 
2019/11/11 14:03:05 INFO  - jmeter.JMeter: Loaded icon properties from org/apache/jmeter/images/icon.properties 
2019/11/11 14:03:05 INFO  - jmeter.engine.util.CompoundVariable: Note: Function class names must contain the string: '.functions.' 
2019/11/11 14:03:05 INFO  - jmeter.engine.util.CompoundVariable: Note: Function class names must not contain the string: '.gui.' 
2019/11/11 14:03:06 INFO  - jmeter.util.BSFTestElement: Registering JMeter version of JavaScript engine as work-round for BSF-22 
2019/11/11 14:03:06 INFO  - jmeter.samplers.SampleResult: Note: Sample TimeStamps are START times 
2019/11/11 14:03:06 INFO  - jmeter.samplers.SampleResult: sampleresult.default.encoding is set to ISO-8859-1 
2019/11/11 14:03:06 INFO  - jmeter.samplers.SampleResult: sampleresult.useNanoTime=true 
2019/11/11 14:03:06 INFO  - jmeter.samplers.SampleResult: sampleresult.nanoThreadSleep=5000 
2019/11/11 14:03:37 INFO  - jmeter.services.FileServer: Default base='/home/tsimwi/Semestre_5/AIT/Labo/Teaching-HEIGVD-AIT-2019-Labo-Load-Balancing' 
2019/11/11 14:03:37 INFO  - jmeter.gui.action.Load: Loading file: /home/tsimwi/Semestre_5/AIT/Labo/Teaching-HEIGVD-AIT-2019-Labo-Load-Balancing/tester.jmx 
2019/11/11 14:03:37 INFO  - jmeter.services.FileServer: Set new base='/home/tsimwi/Semestre_5/AIT/Labo/Teaching-HEIGVD-AIT-2019-Labo-Load-Balancing' 
2019/11/11 14:03:37 INFO  - jmeter.save.SaveService: Testplan (JMX) version: 2.2. Testlog (JTL) version: 2.2 
2019/11/11 14:03:37 WARN  - jmeter.save.SaveService: Can't register a converter: org.apache.jmeter.protocol.http.util.HTTPResultConverter java.lang.ClassNotFoundException: org.apache.jmeter.protocol.http.util.HTTPResultConverter
	at java.base/java.net.URLClassLoader.findClass(URLClassLoader.java:471)
	at java.base/java.lang.ClassLoader.loadClass(ClassLoader.java:588)
	at java.base/java.lang.ClassLoader.loadClass(ClassLoader.java:521)
	at java.base/java.lang.Class.forName0(Native Method)
	at java.base/java.lang.Class.forName(Class.java:315)
	at org.apache.jmeter.save.SaveService.registerConverter(SaveService.java:297)
	at org.apache.jmeter.save.SaveService.initProps(SaveService.java:250)
	at org.apache.jmeter.save.SaveService.<clinit>(SaveService.java:191)
	at org.apache.jmeter.gui.action.Load.loadProjectFile(Load.java:130)
	at org.apache.jmeter.gui.action.Load.loadProjectFile(Load.java:102)
	at org.apache.jmeter.gui.action.Load.doAction(Load.java:89)
	at org.apache.jmeter.gui.action.ActionRouter.performAction(ActionRouter.java:81)
	at org.apache.jmeter.gui.action.ActionRouter.access$000(ActionRouter.java:40)
	at org.apache.jmeter.gui.action.ActionRouter$1.run(ActionRouter.java:63)
	at java.desktop/java.awt.event.InvocationEvent.dispatch(InvocationEvent.java:313)
	at java.desktop/java.awt.EventQueue.dispatchEventImpl(EventQueue.java:770)
	at java.desktop/java.awt.EventQueue$4.run(EventQueue.java:721)
	at java.desktop/java.awt.EventQueue$4.run(EventQueue.java:715)
	at java.base/java.security.AccessController.doPrivileged(Native Method)
	at java.base/java.security.ProtectionDomain$JavaSecurityAccessImpl.doIntersectionPrivilege(ProtectionDomain.java:85)
	at java.desktop/java.awt.EventQueue.dispatchEvent(EventQueue.java:740)
	at java.desktop/java.awt.EventDispatchThread.pumpOneEventForFilters(EventDispatchThread.java:203)
	at java.desktop/java.awt.EventDispatchThread.pumpEventsForFilter(EventDispatchThread.java:124)
	at java.desktop/java.awt.EventDispatchThread.pumpEventsForHierarchy(EventDispatchThread.java:113)
	at java.desktop/java.awt.EventDispatchThread.pumpEvents(EventDispatchThread.java:109)
	at java.desktop/java.awt.EventDispatchThread.pumpEvents(EventDispatchThread.java:101)
	at java.desktop/java.awt.EventDispatchThread.run(EventDispatchThread.java:90)

2019/11/11 14:03:37 INFO  - jmeter.save.SaveService: Using SaveService properties version 2.8 
2019/11/11 14:03:37 INFO  - jmeter.save.SaveService: Using SaveService properties file version 1656252 
2019/11/11 14:03:37 WARN  - jmeter.save.SaveService: Can't register a converter: org.apache.jmeter.protocol.http.sampler.HTTPSamplerBaseConverter java.lang.ClassNotFoundException: org.apache.jmeter.protocol.http.sampler.HTTPSamplerBaseConverter
	at java.base/java.net.URLClassLoader.findClass(URLClassLoader.java:471)
	at java.base/java.lang.ClassLoader.loadClass(ClassLoader.java:588)
	at java.base/java.lang.ClassLoader.loadClass(ClassLoader.java:521)
	at java.base/java.lang.Class.forName0(Native Method)
	at java.base/java.lang.Class.forName(Class.java:315)
	at org.apache.jmeter.save.SaveService.registerConverter(SaveService.java:297)
	at org.apache.jmeter.save.SaveService.initProps(SaveService.java:250)
	at org.apache.jmeter.save.SaveService.<clinit>(SaveService.java:191)
	at org.apache.jmeter.gui.action.Load.loadProjectFile(Load.java:130)
	at org.apache.jmeter.gui.action.Load.loadProjectFile(Load.java:102)
	at org.apache.jmeter.gui.action.Load.doAction(Load.java:89)
	at org.apache.jmeter.gui.action.ActionRouter.performAction(ActionRouter.java:81)
	at org.apache.jmeter.gui.action.ActionRouter.access$000(ActionRouter.java:40)
	at org.apache.jmeter.gui.action.ActionRouter$1.run(ActionRouter.java:63)
	at java.desktop/java.awt.event.InvocationEvent.dispatch(InvocationEvent.java:313)
	at java.desktop/java.awt.EventQueue.dispatchEventImpl(EventQueue.java:770)
	at java.desktop/java.awt.EventQueue$4.run(EventQueue.java:721)
	at java.desktop/java.awt.EventQueue$4.run(EventQueue.java:715)
	at java.base/java.security.AccessController.doPrivileged(Native Method)
	at java.base/java.security.ProtectionDomain$JavaSecurityAccessImpl.doIntersectionPrivilege(ProtectionDomain.java:85)
	at java.desktop/java.awt.EventQueue.dispatchEvent(EventQueue.java:740)
	at java.desktop/java.awt.EventDispatchThread.pumpOneEventForFilters(EventDispatchThread.java:203)
	at java.desktop/java.awt.EventDispatchThread.pumpEventsForFilter(EventDispatchThread.java:124)
	at java.desktop/java.awt.EventDispatchThread.pumpEventsForHierarchy(EventDispatchThread.java:113)
	at java.desktop/java.awt.EventDispatchThread.pumpEvents(EventDispatchThread.java:109)
	at java.desktop/java.awt.EventDispatchThread.pumpEvents(EventDispatchThread.java:101)
	at java.desktop/java.awt.EventDispatchThread.run(EventDispatchThread.java:90)

2019/11/11 14:03:37 INFO  - jmeter.save.SaveService: Using SaveService properties file encoding UTF-8 
2019/11/11 14:03:37 INFO  - jmeter.save.SaveService: All converter versions present and correct 
2019/11/11 14:03:37 INFO  - jmeter.save.SaveService: Loading file: /home/tsimwi/Semestre_5/AIT/Labo/Teaching-HEIGVD-AIT-2019-Labo-Load-Balancing/tester.jmx 
2019/11/11 14:03:37 WARN  - jmeter.gui.action.Load: Unexpected error java.lang.IllegalArgumentException: Problem loading XML from:'/home/tsimwi/Semestre_5/AIT/Labo/Teaching-HEIGVD-AIT-2019-Labo-Load-Balancing/tester.jmx', conversion error com.thoughtworks.xstream.converters.ConversionException: 
---- Debugging information ----
cause-exception     : com.thoughtworks.xstream.converters.ConversionException
cause-message       : 
first-jmeter-class  : org.apache.jmeter.save.converters.HashTreeConverter.unmarshal(HashTreeConverter.java:67)
class               : org.apache.jmeter.save.ScriptWrapper
required-type       : org.apache.jmeter.save.ScriptWrapper
converter-type      : org.apache.jmeter.save.ScriptWrapperConverter
path                : /jmeterTestPlan/hashTree/hashTree/hashTree/CookieManager
line number         : 29
version             : 2.13.20170723
-------------------------------
	at org.apache.jmeter.save.SaveService.readTree(SaveService.java:586)
	at org.apache.jmeter.save.SaveService.loadTree(SaveService.java:537)
	at org.apache.jmeter.gui.action.Load.loadProjectFile(Load.java:130)
	at org.apache.jmeter.gui.action.Load.loadProjectFile(Load.java:102)
	at org.apache.jmeter.gui.action.Load.doAction(Load.java:89)
	at org.apache.jmeter.gui.action.ActionRouter.performAction(ActionRouter.java:81)
	at org.apache.jmeter.gui.action.ActionRouter.access$000(ActionRouter.java:40)
	at org.apache.jmeter.gui.action.ActionRouter$1.run(ActionRouter.java:63)
	at java.desktop/java.awt.event.InvocationEvent.dispatch(InvocationEvent.java:313)
	at java.desktop/java.awt.EventQueue.dispatchEventImpl(EventQueue.java:770)
	at java.desktop/java.awt.EventQueue$4.run(EventQueue.java:721)
	at java.desktop/java.awt.EventQueue$4.run(EventQueue.java:715)
	at java.base/java.security.AccessController.doPrivileged(Native Method)
	at java.base/java.security.ProtectionDomain$JavaSecurityAccessImpl.doIntersectionPrivilege(ProtectionDomain.java:85)
	at java.desktop/java.awt.EventQueue.dispatchEvent(EventQueue.java:740)
	at java.desktop/java.awt.EventDispatchThread.pumpOneEventForFilters(EventDispatchThread.java:203)
	at java.desktop/java.awt.EventDispatchThread.pumpEventsForFilter(EventDispatchThread.java:124)
	at java.desktop/java.awt.EventDispatchThread.pumpEventsForHierarchy(EventDispatchThread.java:113)
	at java.desktop/java.awt.EventDispatchThread.pumpEvents(EventDispatchThread.java:109)
	at java.desktop/java.awt.EventDispatchThread.pumpEvents(EventDispatchThread.java:101)
	at java.desktop/java.awt.EventDispatchThread.run(EventDispatchThread.java:90)
Caused by: com.thoughtworks.xstream.converters.ConversionException: 
---- Debugging information ----
cause-exception     : com.thoughtworks.xstream.converters.ConversionException
cause-message       : 
first-jmeter-class  : org.apache.jmeter.save.converters.HashTreeConverter.unmarshal(HashTreeConverter.java:67)
class               : org.apache.jmeter.save.ScriptWrapper
required-type       : org.apache.jmeter.save.ScriptWrapper
converter-type      : org.apache.jmeter.save.ScriptWrapperConverter
path                : /jmeterTestPlan/hashTree/hashTree/hashTree/CookieManager
line number         : 29
version             : 2.13.20170723
-------------------------------
	at org.apache.jmeter.save.ScriptWrapperConverter.createConversionException(ScriptWrapperConverter.java:105)
	at org.apache.jmeter.save.ScriptWrapperConverter.unmarshal(ScriptWrapperConverter.java:99)
	at com.thoughtworks.xstream.core.TreeUnmarshaller.convert(TreeUnmarshaller.java:72)
	at com.thoughtworks.xstream.core.AbstractReferenceUnmarshaller.convert(AbstractReferenceUnmarshaller.java:72)
	at com.thoughtworks.xstream.core.TreeUnmarshaller.convertAnother(TreeUnmarshaller.java:66)
	at com.thoughtworks.xstream.core.TreeUnmarshaller.convertAnother(TreeUnmarshaller.java:50)
	at com.thoughtworks.xstream.core.TreeUnmarshaller.start(TreeUnmarshaller.java:134)
	at com.thoughtworks.xstream.core.AbstractTreeMarshallingStrategy.unmarshal(AbstractTreeMarshallingStrategy.java:32)
	at com.thoughtworks.xstream.XStream.unmarshal(XStream.java:1487)
	at com.thoughtworks.xstream.XStream.unmarshal(XStream.java:1467)
	at com.thoughtworks.xstream.XStream.fromXML(XStream.java:1338)
	at org.apache.jmeter.save.SaveService.readTree(SaveService.java:559)
	... 20 more
Caused by: com.thoughtworks.xstream.converters.ConversionException: 
---- Debugging information ----
cause-exception     : com.thoughtworks.xstream.mapper.CannotResolveClassException
cause-message       : org.apache.jmeter.protocol.http.control.CookieManager
class               : org.apache.jorphan.collections.ListedHashTree
required-type       : org.apache.jorphan.collections.ListedHashTree
converter-type      : org.apache.jmeter.save.converters.HashTreeConverter
path                : /jmeterTestPlan/hashTree/hashTree/hashTree/CookieManager
line number         : 29
-------------------------------
	at com.thoughtworks.xstream.core.TreeUnmarshaller.convert(TreeUnmarshaller.java:77)
	at com.thoughtworks.xstream.core.AbstractReferenceUnmarshaller.convert(AbstractReferenceUnmarshaller.java:72)
	at com.thoughtworks.xstream.core.TreeUnmarshaller.convertAnother(TreeUnmarshaller.java:66)
	at com.thoughtworks.xstream.core.TreeUnmarshaller.convertAnother(TreeUnmarshaller.java:50)
	at com.thoughtworks.xstream.converters.collections.AbstractCollectionConverter.readBareItem(AbstractCollectionConverter.java:132)
	at com.thoughtworks.xstream.converters.collections.AbstractCollectionConverter.readItem(AbstractCollectionConverter.java:117)
	at org.apache.jmeter.save.converters.HashTreeConverter.unmarshal(HashTreeConverter.java:67)
	at com.thoughtworks.xstream.core.TreeUnmarshaller.convert(TreeUnmarshaller.java:72)
	at com.thoughtworks.xstream.core.AbstractReferenceUnmarshaller.convert(AbstractReferenceUnmarshaller.java:72)
	at com.thoughtworks.xstream.core.TreeUnmarshaller.convertAnother(TreeUnmarshaller.java:66)
	at com.thoughtworks.xstream.core.TreeUnmarshaller.convertAnother(TreeUnmarshaller.java:50)
	at com.thoughtworks.xstream.converters.collections.AbstractCollectionConverter.readBareItem(AbstractCollectionConverter.java:132)
	at com.thoughtworks.xstream.converters.collections.AbstractCollectionConverter.readItem(AbstractCollectionConverter.java:117)
	at org.apache.jmeter.save.converters.HashTreeConverter.unmarshal(HashTreeConverter.java:67)
	at com.thoughtworks.xstream.core.TreeUnmarshaller.convert(TreeUnmarshaller.java:72)
	at com.thoughtworks.xstream.core.AbstractReferenceUnmarshaller.convert(AbstractReferenceUnmarshaller.java:72)
	at com.thoughtworks.xstream.core.TreeUnmarshaller.convertAnother(TreeUnmarshaller.java:66)
	at com.thoughtworks.xstream.core.TreeUnmarshaller.convertAnother(TreeUnmarshaller.java:50)
	at org.apache.jmeter.save.ScriptWrapperConverter.unmarshal(ScriptWrapperConverter.java:95)
	... 30 more
Caused by: com.thoughtworks.xstream.mapper.CannotResolveClassException: org.apache.jmeter.protocol.http.control.CookieManager
	at com.thoughtworks.xstream.mapper.DefaultMapper.realClass(DefaultMapper.java:81)
	at com.thoughtworks.xstream.mapper.MapperWrapper.realClass(MapperWrapper.java:125)
	at com.thoughtworks.xstream.mapper.DynamicProxyMapper.realClass(DynamicProxyMapper.java:55)
	at com.thoughtworks.xstream.mapper.MapperWrapper.realClass(MapperWrapper.java:125)
	at com.thoughtworks.xstream.mapper.PackageAliasingMapper.realClass(PackageAliasingMapper.java:88)
	at com.thoughtworks.xstream.mapper.MapperWrapper.realClass(MapperWrapper.java:125)
	at com.thoughtworks.xstream.mapper.ClassAliasingMapper.realClass(ClassAliasingMapper.java:79)
	at com.thoughtworks.xstream.mapper.MapperWrapper.realClass(MapperWrapper.java:125)
	at com.thoughtworks.xstream.mapper.ArrayMapper.realClass(ArrayMapper.java:74)
	at com.thoughtworks.xstream.mapper.MapperWrapper.realClass(MapperWrapper.java:125)
	at com.thoughtworks.xstream.mapper.SecurityMapper.realClass(SecurityMapper.java:71)
	at com.thoughtworks.xstream.mapper.MapperWrapper.realClass(MapperWrapper.java:125)
	at org.apache.jmeter.save.SaveService$XStreamWrapper$1.realClass(SaveService.java:94)
	at com.thoughtworks.xstream.mapper.MapperWrapper.realClass(MapperWrapper.java:125)
	at com.thoughtworks.xstream.mapper.CachingMapper.realClass(CachingMapper.java:47)
	at com.thoughtworks.xstream.core.util.HierarchicalStreams.readClassType(HierarchicalStreams.java:29)
	at com.thoughtworks.xstream.converters.collections.AbstractCollectionConverter.readBareItem(AbstractCollectionConverter.java:131)
	at com.thoughtworks.xstream.converters.collections.AbstractCollectionConverter.readItem(AbstractCollectionConverter.java:117)
	at org.apache.jmeter.save.converters.HashTreeConverter.unmarshal(HashTreeConverter.java:67)
	at com.thoughtworks.xstream.core.TreeUnmarshaller.convert(TreeUnmarshaller.java:72)
	... 48 more

2019/11/11 14:03:46 INFO  - jmeter.gui.action.Load: Loading file: /home/tsimwi/Semestre_5/AIT/Labo/Teaching-HEIGVD-AIT-2019-Labo-Load-Balancing/tester.jmx 
2019/11/11 14:03:46 INFO  - jmeter.services.FileServer: Set new base='/home/tsimwi/Semestre_5/AIT/Labo/Teaching-HEIGVD-AIT-2019-Labo-Load-Balancing' 
2019/11/11 14:03:46 INFO  - jmeter.save.SaveService: Loading file: /home/tsimwi/Semestre_5/AIT/Labo/Teaching-HEIGVD-AIT-2019-Labo-Load-Balancing/tester.jmx 
2019/11/11 14:03:46 WARN  - jmeter.gui.action.Load: Unexpected error java.lang.IllegalArgumentException: Problem loading XML from:'/home/tsimwi/Semestre_5/AIT/Labo/Teaching-HEIGVD-AIT-2019-Labo-Load-Balancing/tester.jmx', conversion error com.thoughtworks.xstream.converters.ConversionException: 
---- Debugging information ----
cause-exception     : com.thoughtworks.xstream.converters.ConversionException
cause-message       : 
first-jmeter-class  : org.apache.jmeter.save.converters.HashTreeConverter.unmarshal(HashTreeConverter.java:67)
class               : org.apache.jmeter.save.ScriptWrapper
required-type       : org.apache.jmeter.save.ScriptWrapper
converter-type      : org.apache.jmeter.save.ScriptWrapperConverter
path                : /jmeterTestPlan/hashTree/hashTree/hashTree/CookieManager
line number         : 29
version             : 2.13.20170723
-------------------------------
	at org.apache.jmeter.save.SaveService.readTree(SaveService.java:586)
	at org.apache.jmeter.save.SaveService.loadTree(SaveService.java:537)
	at org.apache.jmeter.gui.action.Load.loadProjectFile(Load.java:130)
	at org.apache.jmeter.gui.action.Load.loadProjectFile(Load.java:102)
	at org.apache.jmeter.gui.action.Load.doAction(Load.java:89)
	at org.apache.jmeter.gui.action.ActionRouter.performAction(ActionRouter.java:81)
	at org.apache.jmeter.gui.action.ActionRouter.access$000(ActionRouter.java:40)
	at org.apache.jmeter.gui.action.ActionRouter$1.run(ActionRouter.java:63)
	at java.desktop/java.awt.event.InvocationEvent.dispatch(InvocationEvent.java:313)
	at java.desktop/java.awt.EventQueue.dispatchEventImpl(EventQueue.java:770)
	at java.desktop/java.awt.EventQueue$4.run(EventQueue.java:721)
	at java.desktop/java.awt.EventQueue$4.run(EventQueue.java:715)
	at java.base/java.security.AccessController.doPrivileged(Native Method)
	at java.base/java.security.ProtectionDomain$JavaSecurityAccessImpl.doIntersectionPrivilege(ProtectionDomain.java:85)
	at java.desktop/java.awt.EventQueue.dispatchEvent(EventQueue.java:740)
	at java.desktop/java.awt.EventDispatchThread.pumpOneEventForFilters(EventDispatchThread.java:203)
	at java.desktop/java.awt.EventDispatchThread.pumpEventsForFilter(EventDispatchThread.java:124)
	at java.desktop/java.awt.EventDispatchThread.pumpEventsForHierarchy(EventDispatchThread.java:113)
	at java.desktop/java.awt.EventDispatchThread.pumpEvents(EventDispatchThread.java:109)
	at java.desktop/java.awt.EventDispatchThread.pumpEvents(EventDispatchThread.java:101)
	at java.desktop/java.awt.EventDispatchThread.run(EventDispatchThread.java:90)
Caused by: com.thoughtworks.xstream.converters.ConversionException: 
---- Debugging information ----
cause-exception     : com.thoughtworks.xstream.converters.ConversionException
cause-message       : 
first-jmeter-class  : org.apache.jmeter.save.converters.HashTreeConverter.unmarshal(HashTreeConverter.java:67)
class               : org.apache.jmeter.save.ScriptWrapper
required-type       : org.apache.jmeter.save.ScriptWrapper
converter-type      : org.apache.jmeter.save.ScriptWrapperConverter
path                : /jmeterTestPlan/hashTree/hashTree/hashTree/CookieManager
line number         : 29
version             : 2.13.20170723
-------------------------------
	at org.apache.jmeter.save.ScriptWrapperConverter.createConversionException(ScriptWrapperConverter.java:105)
	at org.apache.jmeter.save.ScriptWrapperConverter.unmarshal(ScriptWrapperConverter.java:99)
	at com.thoughtworks.xstream.core.TreeUnmarshaller.convert(TreeUnmarshaller.java:72)
	at com.thoughtworks.xstream.core.AbstractReferenceUnmarshaller.convert(AbstractReferenceUnmarshaller.java:72)
	at com.thoughtworks.xstream.core.TreeUnmarshaller.convertAnother(TreeUnmarshaller.java:66)
	at com.thoughtworks.xstream.core.TreeUnmarshaller.convertAnother(TreeUnmarshaller.java:50)
	at com.thoughtworks.xstream.core.TreeUnmarshaller.start(TreeUnmarshaller.java:134)
	at com.thoughtworks.xstream.core.AbstractTreeMarshallingStrategy.unmarshal(AbstractTreeMarshallingStrategy.java:32)
	at com.thoughtworks.xstream.XStream.unmarshal(XStream.java:1487)
	at com.thoughtworks.xstream.XStream.unmarshal(XStream.java:1467)
	at com.thoughtworks.xstream.XStream.fromXML(XStream.java:1338)
	at org.apache.jmeter.save.SaveService.readTree(SaveService.java:559)
	... 20 more
Caused by: com.thoughtworks.xstream.converters.ConversionException: 
---- Debugging information ----
cause-exception     : com.thoughtworks.xstream.mapper.CannotResolveClassException
cause-message       : org.apache.jmeter.protocol.http.control.CookieManager
class               : org.apache.jorphan.collections.ListedHashTree
required-type       : org.apache.jorphan.collections.ListedHashTree
converter-type      : org.apache.jmeter.save.converters.HashTreeConverter
path                : /jmeterTestPlan/hashTree/hashTree/hashTree/CookieManager
line number         : 29
-------------------------------
	at com.thoughtworks.xstream.core.TreeUnmarshaller.convert(TreeUnmarshaller.java:77)
	at com.thoughtworks.xstream.core.AbstractReferenceUnmarshaller.convert(AbstractReferenceUnmarshaller.java:72)
	at com.thoughtworks.xstream.core.TreeUnmarshaller.convertAnother(TreeUnmarshaller.java:66)
	at com.thoughtworks.xstream.core.TreeUnmarshaller.convertAnother(TreeUnmarshaller.java:50)
	at com.thoughtworks.xstream.converters.collections.AbstractCollectionConverter.readBareItem(AbstractCollectionConverter.java:132)
	at com.thoughtworks.xstream.converters.collections.AbstractCollectionConverter.readItem(AbstractCollectionConverter.java:117)
	at org.apache.jmeter.save.converters.HashTreeConverter.unmarshal(HashTreeConverter.java:67)
	at com.thoughtworks.xstream.core.TreeUnmarshaller.convert(TreeUnmarshaller.java:72)
	at com.thoughtworks.xstream.core.AbstractReferenceUnmarshaller.convert(AbstractReferenceUnmarshaller.java:72)
	at com.thoughtworks.xstream.core.TreeUnmarshaller.convertAnother(TreeUnmarshaller.java:66)
	at com.thoughtworks.xstream.core.TreeUnmarshaller.convertAnother(TreeUnmarshaller.java:50)
	at com.thoughtworks.xstream.converters.collections.AbstractCollectionConverter.readBareItem(AbstractCollectionConverter.java:132)
	at com.thoughtworks.xstream.converters.collections.AbstractCollectionConverter.readItem(AbstractCollectionConverter.java:117)
	at org.apache.jmeter.save.converters.HashTreeConverter.unmarshal(HashTreeConverter.java:67)
	at com.thoughtworks.xstream.core.TreeUnmarshaller.convert(TreeUnmarshaller.java:72)
	at com.thoughtworks.xstream.core.AbstractReferenceUnmarshaller.convert(AbstractReferenceUnmarshaller.java:72)
	at com.thoughtworks.xstream.core.TreeUnmarshaller.convertAnother(TreeUnmarshaller.java:66)
	at com.thoughtworks.xstream.core.TreeUnmarshaller.convertAnother(TreeUnmarshaller.java:50)
	at org.apache.jmeter.save.ScriptWrapperConverter.unmarshal(ScriptWrapperConverter.java:95)
	... 30 more
Caused by: com.thoughtworks.xstream.mapper.CannotResolveClassException: org.apache.jmeter.protocol.http.control.CookieManager
	at com.thoughtworks.xstream.mapper.DefaultMapper.realClass(DefaultMapper.java:81)
	at com.thoughtworks.xstream.mapper.MapperWrapper.realClass(MapperWrapper.java:125)
	at com.thoughtworks.xstream.mapper.DynamicProxyMapper.realClass(DynamicProxyMapper.java:55)
	at com.thoughtworks.xstream.mapper.MapperWrapper.realClass(MapperWrapper.java:125)
	at com.thoughtworks.xstream.mapper.PackageAliasingMapper.realClass(PackageAliasingMapper.java:88)
	at com.thoughtworks.xstream.mapper.MapperWrapper.realClass(MapperWrapper.java:125)
	at com.thoughtworks.xstream.mapper.ClassAliasingMapper.realClass(ClassAliasingMapper.java:79)
	at com.thoughtworks.xstream.mapper.MapperWrapper.realClass(MapperWrapper.java:125)
	at com.thoughtworks.xstream.mapper.ArrayMapper.realClass(ArrayMapper.java:74)
	at com.thoughtworks.xstream.mapper.MapperWrapper.realClass(MapperWrapper.java:125)
	at com.thoughtworks.xstream.mapper.SecurityMapper.realClass(SecurityMapper.java:71)
	at com.thoughtworks.xstream.mapper.MapperWrapper.realClass(MapperWrapper.java:125)
	at org.apache.jmeter.save.SaveService$XStreamWrapper$1.realClass(SaveService.java:94)
	at com.thoughtworks.xstream.mapper.MapperWrapper.realClass(MapperWrapper.java:125)
	at com.thoughtworks.xstream.mapper.CachingMapper.realClass(CachingMapper.java:47)
	at com.thoughtworks.xstream.core.util.HierarchicalStreams.readClassType(HierarchicalStreams.java:29)
	at com.thoughtworks.xstream.converters.collections.AbstractCollectionConverter.readBareItem(AbstractCollectionConverter.java:131)
	at com.thoughtworks.xstream.converters.collections.AbstractCollectionConverter.readItem(AbstractCollectionConverter.java:117)
	at org.apache.jmeter.save.converters.HashTreeConverter.unmarshal(HashTreeConverter.java:67)
	at com.thoughtworks.xstream.core.TreeUnmarshaller.convert(TreeUnmarshaller.java:72)
	... 48 more

